<?xml version="1.0" encoding="UTF-8"?>
<testng-results skipped="0" failed="0" ignored="0" total="1" passed="1">
  <reporter-output>
  </reporter-output>
  <suite name="Default suite" duration-ms="20008" started-at="2019-08-03T21:54:25Z" finished-at="2019-08-03T21:54:45Z">
    <groups>
    </groups>
    <test name="Default test" duration-ms="20008" started-at="2019-08-03T21:54:25Z" finished-at="2019-08-03T21:54:45Z">
      <class name="testmaven.maventest">
        <test-method status="PASS" signature="beforeClass()[pri:0, instance:testmaven.maventest@224edc67]" name="beforeClass" is-config="true" duration-ms="11250" started-at="2019-08-04T03:24:25Z" finished-at="2019-08-04T03:24:36Z">
          <reporter-output>
          </reporter-output>
        </test-method> <!-- beforeClass -->
        <test-method status="PASS" signature="openMyBlog()[pri:0, instance:testmaven.maventest@224edc67]" name="openMyBlog" duration-ms="6461" started-at="2019-08-04T03:24:36Z" finished-at="2019-08-04T03:24:43Z">
          <reporter-output>
          </reporter-output>
        </test-method> <!-- openMyBlog -->
        <test-method status="PASS" signature="afterClass()[pri:0, instance:testmaven.maventest@224edc67]" name="afterClass" is-config="true" duration-ms="2269" started-at="2019-08-04T03:24:43Z" finished-at="2019-08-04T03:24:45Z">
          <reporter-output>
          </reporter-output>
        </test-method> <!-- afterClass -->
      </class> <!-- testmaven.maventest -->
    </test> <!-- Default test -->
  </suite> <!-- Default suite -->
</testng-results>
